2025-10-30 01:33:48 [main] INFO  Main:17 - ✅ Sistema de Mediateca iniciado
2025-10-30 01:33:53 [AWT-EventQueue-0] INFO  VentanaAgregarMaterial:97 - Validación exitosa - Próximamente se guardará en BD: asdasda
2025-10-30 01:34:00 [AWT-EventQueue-0] INFO  VentanaAgregarMaterial:97 - Validación exitosa - Próximamente se guardará en BD: asdasd
2025-10-30 01:40:45 [AWT-EventQueue-0] WARN  VentanaModificarMaterial:118 - Validación fallida en modificación: Error en campo 'autor' (valor: ''): El autor no puede estar vacío
2025-10-30 01:40:58 [AWT-EventQueue-0] INFO  VentanaAgregarMaterial:97 - Validación exitosa - Próximamente se guardará en BD: peo
2025-10-30 01:41:05 [AWT-EventQueue-0] INFO  VentanaModificarMaterial:104 - Material actualizado - ID: 0, Título: peo, Autor: peo
2025-11-01 12:04:32 [main] INFO  Main:17 - ✅ Sistema de Mediateca iniciado
2025-11-01 12:48:10 [main] INFO  Main:17 - ✅ Sistema de Mediateca iniciado
2025-11-01 12:48:57 [main] INFO  Main:17 - ✅ Sistema de Mediateca iniciado
2025-11-01 12:50:10 [main] INFO  Main:19 - ✅ Sistema de Mediateca iniciado
2025-11-01 12:50:10 [AWT-EventQueue-0] INFO  Main:84 - Interfaz principal mostrada - Sistema listo
2025-11-01 12:50:11 [AWT-EventQueue-0] INFO  Main:64 - Abriendo VentanaListarMateriales
2025-11-01 12:50:17 [AWT-EventQueue-0] INFO  Main:69 - Abriendo VentanaBuscarMaterial
2025-11-01 12:50:21 [AWT-EventQueue-0] INFO  Main:54 - Abriendo VentanaAgregarMaterial
2025-11-01 12:50:33 [AWT-EventQueue-0] INFO  VentanaAgregarMaterial:97 - Validación exitosa - Próximamente se guardará en BD: Ciudad y los perros
2025-11-01 12:50:36 [AWT-EventQueue-0] INFO  Main:64 - Abriendo VentanaListarMateriales
2025-11-01 12:50:43 [AWT-EventQueue-0] INFO  VentanaBuscarMaterial:328 - Búsqueda limpiada
2025-11-01 12:50:46 [AWT-EventQueue-0] INFO  Main:64 - Abriendo VentanaListarMateriales
2025-11-01 12:50:52 [AWT-EventQueue-0] INFO  Main:69 - Abriendo VentanaBuscarMaterial
2025-11-01 12:51:23 [AWT-EventQueue-0] INFO  Main:54 - Abriendo VentanaAgregarMaterial
2025-11-01 12:51:38 [AWT-EventQueue-0] INFO  VentanaAgregarMaterial:97 - Validación exitosa - Próximamente se guardará en BD: Crimen y Castigo
2025-11-01 12:51:50 [AWT-EventQueue-0] INFO  VentanaBuscarMaterial:328 - Búsqueda limpiada
2025-11-01 12:51:52 [AWT-EventQueue-0] WARN  VentanaBuscarMaterial:151 - Validación fallida en búsqueda: Error en campo 'texto búsqueda' (valor: ''): Ingrese un término de búsqueda
2025-11-01 12:52:13 [AWT-EventQueue-0] INFO  Main:54 - Abriendo VentanaAgregarMaterial
2025-11-01 13:08:25 [main] INFO  Main:19 - ✅ Sistema de Mediateca iniciado
2025-11-01 13:08:26 [AWT-EventQueue-0] INFO  Main:84 - Interfaz principal mostrada - Sistema listo
2025-11-01 13:08:28 [AWT-EventQueue-0] INFO  Main:54 - Abriendo VentanaAgregarMaterial
2025-11-01 13:08:37 [AWT-EventQueue-0] INFO  Main:59 - Abriendo VentanaModificarMaterial
2025-11-01 13:08:40 [AWT-EventQueue-0] WARN  VentanaModificarMaterial:254 - Validación fallida en modificación: Error en campo 'título' (valor: ''): El título no puede estar vacío
2025-11-01 13:08:44 [AWT-EventQueue-0] INFO  Main:64 - Abriendo VentanaListarMateriales
2025-11-01 13:08:46 [AWT-EventQueue-0] INFO  Main:69 - Abriendo VentanaBuscarMaterial
2025-11-01 13:13:08 [main] INFO  Main:19 - ✅ Sistema de Mediateca iniciado
2025-11-01 13:13:09 [AWT-EventQueue-0] INFO  Main:84 - Interfaz principal mostrada - Sistema listo
2025-11-01 13:13:12 [AWT-EventQueue-0] INFO  Main:54 - Abriendo VentanaAgregarMaterial
2025-11-01 13:23:16 [main] INFO  Main:19 - ✅ Sistema de Mediateca iniciado
2025-11-01 13:23:17 [AWT-EventQueue-0] INFO  Main:84 - Interfaz principal mostrada - Sistema listo
2025-11-01 13:23:18 [AWT-EventQueue-0] INFO  Main:54 - Abriendo VentanaAgregarMaterial
2025-11-01 13:25:01 [main] INFO  Main:19 - ✅ Sistema de Mediateca iniciado
2025-11-01 13:25:02 [AWT-EventQueue-0] INFO  Main:84 - Interfaz principal mostrada - Sistema listo
2025-11-01 13:34:02 [main] INFO  Main:19 - ✅ Sistema de Mediateca iniciado
2025-11-01 13:34:03 [AWT-EventQueue-0] INFO  Main:84 - Interfaz principal mostrada - Sistema listo
2025-11-01 13:34:29 [AWT-EventQueue-0] INFO  Main:69 - Abriendo VentanaBuscarMaterial
2025-11-01 13:34:31 [AWT-EventQueue-0] INFO  Main:54 - Abriendo VentanaAgregarMaterial
2025-11-01 13:37:05 [main] INFO  Main:19 - ✅ Sistema de Mediateca iniciado
2025-11-01 13:37:06 [AWT-EventQueue-0] INFO  Main:84 - Interfaz principal mostrada - Sistema listo
2025-11-01 13:37:08 [AWT-EventQueue-0] INFO  Main:64 - Abriendo VentanaListarMateriales
2025-11-01 13:37:08 [AWT-EventQueue-0] WARN  VentanaListarMateriales:193 - Error al cargar libros: Column 'num_paginas' not found.
2025-11-01 13:37:08 [AWT-EventQueue-0] INFO  VentanaListarMateriales:163 - Lista de materiales cargada - Filtro: Todos - Total: 3
2025-11-01 13:37:11 [AWT-EventQueue-0] WARN  VentanaListarMateriales:193 - Error al cargar libros: Column 'num_paginas' not found.
2025-11-01 13:37:11 [AWT-EventQueue-0] INFO  VentanaListarMateriales:163 - Lista de materiales cargada - Filtro: Libros - Total: 0
2025-11-01 13:37:12 [AWT-EventQueue-0] INFO  VentanaListarMateriales:163 - Lista de materiales cargada - Filtro: Revistas - Total: 1
2025-11-01 13:37:14 [AWT-EventQueue-0] INFO  VentanaListarMateriales:163 - Lista de materiales cargada - Filtro: CDs - Total: 1
2025-11-01 13:37:17 [AWT-EventQueue-0] INFO  VentanaListarMateriales:163 - Lista de materiales cargada - Filtro: DVDs - Total: 1
2025-11-01 13:37:18 [AWT-EventQueue-0] WARN  VentanaListarMateriales:193 - Error al cargar libros: Column 'num_paginas' not found.
2025-11-01 13:37:18 [AWT-EventQueue-0] INFO  VentanaListarMateriales:163 - Lista de materiales cargada - Filtro: Libros - Total: 0
2025-11-01 13:37:20 [AWT-EventQueue-0] INFO  VentanaListarMateriales:163 - Lista de materiales cargada - Filtro: Revistas - Total: 1
2025-11-01 13:43:09 [main] INFO  Main:19 - ✅ Sistema de Mediateca iniciado
2025-11-01 13:43:09 [AWT-EventQueue-0] INFO  Main:84 - Interfaz principal mostrada - Sistema listo
2025-11-01 13:43:11 [AWT-EventQueue-0] INFO  Main:69 - Abriendo VentanaBuscarMaterial
2025-11-01 13:43:19 [AWT-EventQueue-0] WARN  VentanaBuscarMaterial:202 - Validación fallida en búsqueda: Error en campo 'texto búsqueda' (valor: ''): Ingrese un término de búsqueda
2025-11-01 13:43:27 [AWT-EventQueue-0] INFO  Main:64 - Abriendo VentanaListarMateriales
2025-11-01 13:43:27 [AWT-EventQueue-0] WARN  VentanaListarMateriales:193 - Error al cargar libros: Column 'num_paginas' not found.
2025-11-01 13:43:27 [AWT-EventQueue-0] INFO  VentanaListarMateriales:163 - Lista de materiales cargada - Filtro: Todos - Total: 3
2025-11-01 13:44:11 [AWT-EventQueue-0] INFO  Main:64 - Abriendo VentanaListarMateriales
2025-11-01 13:44:11 [AWT-EventQueue-0] WARN  VentanaListarMateriales:193 - Error al cargar libros: Column 'num_paginas' not found.
2025-11-01 13:44:11 [AWT-EventQueue-0] INFO  VentanaListarMateriales:163 - Lista de materiales cargada - Filtro: Todos - Total: 3
2025-11-01 13:49:53 [AWT-EventQueue-0] INFO  Main:64 - Abriendo VentanaListarMateriales
2025-11-01 13:49:53 [AWT-EventQueue-0] WARN  VentanaListarMateriales:193 - Error al cargar libros: Column 'num_paginas' not found.
2025-11-01 13:49:53 [AWT-EventQueue-0] INFO  VentanaListarMateriales:163 - Lista de materiales cargada - Filtro: Todos - Total: 3
2025-11-01 13:49:56 [AWT-EventQueue-0] INFO  VentanaListarMateriales:163 - Lista de materiales cargada - Filtro: Revistas - Total: 1
2025-11-01 13:49:57 [AWT-EventQueue-0] INFO  VentanaListarMateriales:163 - Lista de materiales cargada - Filtro: CDs - Total: 1
2025-11-01 13:52:42 [main] INFO  Main:19 - ✅ Sistema de Mediateca iniciado
2025-11-01 13:52:42 [AWT-EventQueue-0] INFO  Main:84 - Interfaz principal mostrada - Sistema listo
2025-11-01 13:52:43 [AWT-EventQueue-0] INFO  Main:54 - Abriendo VentanaAgregarMaterial
2025-11-01 13:53:11 [AWT-EventQueue-0] ERROR VentanaAgregarMaterial:201 - Error inesperado: Error al insertar el material
java.lang.Exception: Error al insertar el material
	at poo.desafio2.dao.MaterialDAOImpl.insertar(MaterialDAOImpl.java:42)
	at poo.desafio2.gui.VentanaAgregarMaterial.guardarMaterialEnBD(VentanaAgregarMaterial.java:355)
	at poo.desafio2.gui.VentanaAgregarMaterial.manejarAccionGuardar(VentanaAgregarMaterial.java:180)
	at poo.desafio2.gui.VentanaAgregarMaterial.lambda$configurarListeners$0(VentanaAgregarMaterial.java:156)
	at java.desktop/javax.swing.AbstractButton.fireActionPerformed(AbstractButton.java:1972)
	at java.desktop/javax.swing.AbstractButton$Handler.actionPerformed(AbstractButton.java:2314)
	at java.desktop/javax.swing.DefaultButtonModel.fireActionPerformed(DefaultButtonModel.java:407)
	at java.desktop/javax.swing.DefaultButtonModel.setPressed(DefaultButtonModel.java:262)
	at java.desktop/javax.swing.plaf.basic.BasicButtonListener.mouseReleased(BasicButtonListener.java:279)
	at java.desktop/java.awt.Component.processMouseEvent(Component.java:6576)
	at java.desktop/javax.swing.JComponent.processMouseEvent(JComponent.java:3404)
	at java.desktop/java.awt.Component.processEvent(Component.java:6341)
	at java.desktop/java.awt.Container.processEvent(Container.java:2260)
	at java.desktop/java.awt.Component.dispatchEventImpl(Component.java:4958)
	at java.desktop/java.awt.Container.dispatchEventImpl(Container.java:2318)
	at java.desktop/java.awt.Component.dispatchEvent(Component.java:4790)
	at java.desktop/java.awt.LightweightDispatcher.retargetMouseEvent(Container.java:4917)
	at java.desktop/java.awt.LightweightDispatcher.processMouseEvent(Container.java:4560)
	at java.desktop/java.awt.LightweightDispatcher.dispatchEvent(Container.java:4501)
	at java.desktop/java.awt.Container.dispatchEventImpl(Container.java:2304)
	at java.desktop/java.awt.Window.dispatchEventImpl(Window.java:2671)
	at java.desktop/java.awt.Component.dispatchEvent(Component.java:4790)
	at java.desktop/java.awt.EventQueue.dispatchEventImpl(EventQueue.java:725)
	at java.desktop/java.awt.EventQueue.dispatchEvent(EventQueue.java:702)
	at java.desktop/java.awt.EventDispatchThread.pumpOneEventForFilters(EventDispatchThread.java:203)
	at java.desktop/java.awt.EventDispatchThread.pumpEventsForFilter(EventDispatchThread.java:124)
	at java.desktop/java.awt.EventDispatchThread.pumpEventsForHierarchy(EventDispatchThread.java:113)
	at java.desktop/java.awt.EventDispatchThread.pumpEvents(EventDispatchThread.java:109)
	at java.desktop/java.awt.EventDispatchThread.pumpEvents(EventDispatchThread.java:101)
	at java.desktop/java.awt.EventDispatchThread.run(EventDispatchThread.java:90)
Caused by: java.sql.SQLSyntaxErrorException: Unknown column 'num_paginas' in 'field list'
	at com.mysql.cj.jdbc.exceptions.SQLError.createSQLException(SQLError.java:121)
	at com.mysql.cj.jdbc.exceptions.SQLExceptionsMapping.translateException(SQLExceptionsMapping.java:122)
	at com.mysql.cj.jdbc.ClientPreparedStatement.executeInternal(ClientPreparedStatement.java:916)
	at com.mysql.cj.jdbc.ClientPreparedStatement.executeUpdateInternal(ClientPreparedStatement.java:1061)
	at com.mysql.cj.jdbc.ClientPreparedStatement.executeUpdateInternal(ClientPreparedStatement.java:1009)
	at com.mysql.cj.jdbc.ClientPreparedStatement.executeLargeUpdate(ClientPreparedStatement.java:1320)
	at com.mysql.cj.jdbc.ClientPreparedStatement.executeUpdate(ClientPreparedStatement.java:994)
	at poo.desafio2.dao.LibroDAO.insertarEspecifico(LibroDAO.java:24)
	at poo.desafio2.dao.LibroDAO.insertarEspecifico(LibroDAO.java:8)
	at poo.desafio2.dao.MaterialDAOImpl.insertar(MaterialDAOImpl.java:31)
	... 29 more
2025-11-01 13:53:18 [AWT-EventQueue-0] ERROR VentanaAgregarMaterial:201 - Error inesperado: Error al insertar el material
java.lang.Exception: Error al insertar el material
	at poo.desafio2.dao.MaterialDAOImpl.insertar(MaterialDAOImpl.java:42)
	at poo.desafio2.gui.VentanaAgregarMaterial.guardarMaterialEnBD(VentanaAgregarMaterial.java:355)
	at poo.desafio2.gui.VentanaAgregarMaterial.manejarAccionGuardar(VentanaAgregarMaterial.java:180)
	at poo.desafio2.gui.VentanaAgregarMaterial.lambda$configurarListeners$0(VentanaAgregarMaterial.java:156)
	at java.desktop/javax.swing.AbstractButton.fireActionPerformed(AbstractButton.java:1972)
	at java.desktop/javax.swing.AbstractButton$Handler.actionPerformed(AbstractButton.java:2314)
	at java.desktop/javax.swing.DefaultButtonModel.fireActionPerformed(DefaultButtonModel.java:407)
	at java.desktop/javax.swing.DefaultButtonModel.setPressed(DefaultButtonModel.java:262)
	at java.desktop/javax.swing.plaf.basic.BasicButtonListener.mouseReleased(BasicButtonListener.java:279)
	at java.desktop/java.awt.Component.processMouseEvent(Component.java:6576)
	at java.desktop/javax.swing.JComponent.processMouseEvent(JComponent.java:3404)
	at java.desktop/java.awt.Component.processEvent(Component.java:6341)
	at java.desktop/java.awt.Container.processEvent(Container.java:2260)
	at java.desktop/java.awt.Component.dispatchEventImpl(Component.java:4958)
	at java.desktop/java.awt.Container.dispatchEventImpl(Container.java:2318)
	at java.desktop/java.awt.Component.dispatchEvent(Component.java:4790)
	at java.desktop/java.awt.LightweightDispatcher.retargetMouseEvent(Container.java:4917)
	at java.desktop/java.awt.LightweightDispatcher.processMouseEvent(Container.java:4560)
	at java.desktop/java.awt.LightweightDispatcher.dispatchEvent(Container.java:4501)
	at java.desktop/java.awt.Container.dispatchEventImpl(Container.java:2304)
	at java.desktop/java.awt.Window.dispatchEventImpl(Window.java:2671)
	at java.desktop/java.awt.Component.dispatchEvent(Component.java:4790)
	at java.desktop/java.awt.EventQueue.dispatchEventImpl(EventQueue.java:725)
	at java.desktop/java.awt.EventQueue.dispatchEvent(EventQueue.java:702)
	at java.desktop/java.awt.EventDispatchThread.pumpOneEventForFilters(EventDispatchThread.java:203)
	at java.desktop/java.awt.EventDispatchThread.pumpEventsForFilter(EventDispatchThread.java:124)
	at java.desktop/java.awt.EventDispatchThread.pumpEventsForHierarchy(EventDispatchThread.java:113)
	at java.desktop/java.awt.EventDispatchThread.pumpEvents(EventDispatchThread.java:109)
	at java.desktop/java.awt.EventDispatchThread.pumpEvents(EventDispatchThread.java:101)
	at java.desktop/java.awt.EventDispatchThread.run(EventDispatchThread.java:90)
Caused by: java.sql.SQLSyntaxErrorException: Unknown column 'num_paginas' in 'field list'
	at com.mysql.cj.jdbc.exceptions.SQLError.createSQLException(SQLError.java:121)
	at com.mysql.cj.jdbc.exceptions.SQLExceptionsMapping.translateException(SQLExceptionsMapping.java:122)
	at com.mysql.cj.jdbc.ClientPreparedStatement.executeInternal(ClientPreparedStatement.java:916)
	at com.mysql.cj.jdbc.ClientPreparedStatement.executeUpdateInternal(ClientPreparedStatement.java:1061)
	at com.mysql.cj.jdbc.ClientPreparedStatement.executeUpdateInternal(ClientPreparedStatement.java:1009)
	at com.mysql.cj.jdbc.ClientPreparedStatement.executeLargeUpdate(ClientPreparedStatement.java:1320)
	at com.mysql.cj.jdbc.ClientPreparedStatement.executeUpdate(ClientPreparedStatement.java:994)
	at poo.desafio2.dao.LibroDAO.insertarEspecifico(LibroDAO.java:24)
	at poo.desafio2.dao.LibroDAO.insertarEspecifico(LibroDAO.java:8)
	at poo.desafio2.dao.MaterialDAOImpl.insertar(MaterialDAOImpl.java:31)
	... 29 more
2025-11-01 13:53:24 [AWT-EventQueue-0] ERROR VentanaAgregarMaterial:201 - Error inesperado: Error al insertar el material
java.lang.Exception: Error al insertar el material
	at poo.desafio2.dao.MaterialDAOImpl.insertar(MaterialDAOImpl.java:42)
	at poo.desafio2.gui.VentanaAgregarMaterial.guardarMaterialEnBD(VentanaAgregarMaterial.java:355)
	at poo.desafio2.gui.VentanaAgregarMaterial.manejarAccionGuardar(VentanaAgregarMaterial.java:180)
	at poo.desafio2.gui.VentanaAgregarMaterial.lambda$configurarListeners$0(VentanaAgregarMaterial.java:156)
	at java.desktop/javax.swing.AbstractButton.fireActionPerformed(AbstractButton.java:1972)
	at java.desktop/javax.swing.AbstractButton$Handler.actionPerformed(AbstractButton.java:2314)
	at java.desktop/javax.swing.DefaultButtonModel.fireActionPerformed(DefaultButtonModel.java:407)
	at java.desktop/javax.swing.DefaultButtonModel.setPressed(DefaultButtonModel.java:262)
	at java.desktop/javax.swing.plaf.basic.BasicButtonListener.mouseReleased(BasicButtonListener.java:279)
	at java.desktop/java.awt.Component.processMouseEvent(Component.java:6576)
	at java.desktop/javax.swing.JComponent.processMouseEvent(JComponent.java:3404)
	at java.desktop/java.awt.Component.processEvent(Component.java:6341)
	at java.desktop/java.awt.Container.processEvent(Container.java:2260)
	at java.desktop/java.awt.Component.dispatchEventImpl(Component.java:4958)
	at java.desktop/java.awt.Container.dispatchEventImpl(Container.java:2318)
	at java.desktop/java.awt.Component.dispatchEvent(Component.java:4790)
	at java.desktop/java.awt.LightweightDispatcher.retargetMouseEvent(Container.java:4917)
	at java.desktop/java.awt.LightweightDispatcher.processMouseEvent(Container.java:4560)
	at java.desktop/java.awt.LightweightDispatcher.dispatchEvent(Container.java:4501)
	at java.desktop/java.awt.Container.dispatchEventImpl(Container.java:2304)
	at java.desktop/java.awt.Window.dispatchEventImpl(Window.java:2671)
	at java.desktop/java.awt.Component.dispatchEvent(Component.java:4790)
	at java.desktop/java.awt.EventQueue.dispatchEventImpl(EventQueue.java:725)
	at java.desktop/java.awt.EventQueue.dispatchEvent(EventQueue.java:702)
	at java.desktop/java.awt.EventDispatchThread.pumpOneEventForFilters(EventDispatchThread.java:203)
	at java.desktop/java.awt.EventDispatchThread.pumpEventsForFilter(EventDispatchThread.java:124)
	at java.desktop/java.awt.EventDispatchThread.pumpEventsForHierarchy(EventDispatchThread.java:113)
	at java.desktop/java.awt.EventDispatchThread.pumpEvents(EventDispatchThread.java:109)
	at java.desktop/java.awt.EventDispatchThread.pumpEvents(EventDispatchThread.java:101)
	at java.desktop/java.awt.EventDispatchThread.run(EventDispatchThread.java:90)
Caused by: java.sql.SQLSyntaxErrorException: Unknown column 'num_paginas' in 'field list'
	at com.mysql.cj.jdbc.exceptions.SQLError.createSQLException(SQLError.java:121)
	at com.mysql.cj.jdbc.exceptions.SQLExceptionsMapping.translateException(SQLExceptionsMapping.java:122)
	at com.mysql.cj.jdbc.ClientPreparedStatement.executeInternal(ClientPreparedStatement.java:916)
	at com.mysql.cj.jdbc.ClientPreparedStatement.executeUpdateInternal(ClientPreparedStatement.java:1061)
	at com.mysql.cj.jdbc.ClientPreparedStatement.executeUpdateInternal(ClientPreparedStatement.java:1009)
	at com.mysql.cj.jdbc.ClientPreparedStatement.executeLargeUpdate(ClientPreparedStatement.java:1320)
	at com.mysql.cj.jdbc.ClientPreparedStatement.executeUpdate(ClientPreparedStatement.java:994)
	at poo.desafio2.dao.LibroDAO.insertarEspecifico(LibroDAO.java:24)
	at poo.desafio2.dao.LibroDAO.insertarEspecifico(LibroDAO.java:8)
	at poo.desafio2.dao.MaterialDAOImpl.insertar(MaterialDAOImpl.java:31)
	... 29 more
2025-11-01 13:56:35 [main] INFO  Main:19 - ✅ Sistema de Mediateca iniciado
2025-11-01 13:56:36 [AWT-EventQueue-0] INFO  Main:84 - Interfaz principal mostrada - Sistema listo
2025-11-01 13:56:38 [AWT-EventQueue-0] INFO  Main:54 - Abriendo VentanaAgregarMaterial
2025-11-01 13:57:04 [AWT-EventQueue-0] ERROR VentanaAgregarMaterial:201 - Error inesperado: Error al insertar el material
java.lang.Exception: Error al insertar el material
	at poo.desafio2.dao.MaterialDAOImpl.insertar(MaterialDAOImpl.java:42)
	at poo.desafio2.gui.VentanaAgregarMaterial.guardarMaterialEnBD(VentanaAgregarMaterial.java:363)
	at poo.desafio2.gui.VentanaAgregarMaterial.manejarAccionGuardar(VentanaAgregarMaterial.java:180)
	at poo.desafio2.gui.VentanaAgregarMaterial.lambda$configurarListeners$0(VentanaAgregarMaterial.java:156)
	at java.desktop/javax.swing.AbstractButton.fireActionPerformed(AbstractButton.java:1972)
	at java.desktop/javax.swing.AbstractButton$Handler.actionPerformed(AbstractButton.java:2314)
	at java.desktop/javax.swing.DefaultButtonModel.fireActionPerformed(DefaultButtonModel.java:407)
	at java.desktop/javax.swing.DefaultButtonModel.setPressed(DefaultButtonModel.java:262)
	at java.desktop/javax.swing.plaf.basic.BasicButtonListener.mouseReleased(BasicButtonListener.java:279)
	at java.desktop/java.awt.Component.processMouseEvent(Component.java:6576)
	at java.desktop/javax.swing.JComponent.processMouseEvent(JComponent.java:3404)
	at java.desktop/java.awt.Component.processEvent(Component.java:6341)
	at java.desktop/java.awt.Container.processEvent(Container.java:2260)
	at java.desktop/java.awt.Component.dispatchEventImpl(Component.java:4958)
	at java.desktop/java.awt.Container.dispatchEventImpl(Container.java:2318)
	at java.desktop/java.awt.Component.dispatchEvent(Component.java:4790)
	at java.desktop/java.awt.LightweightDispatcher.retargetMouseEvent(Container.java:4917)
	at java.desktop/java.awt.LightweightDispatcher.processMouseEvent(Container.java:4560)
	at java.desktop/java.awt.LightweightDispatcher.dispatchEvent(Container.java:4501)
	at java.desktop/java.awt.Container.dispatchEventImpl(Container.java:2304)
	at java.desktop/java.awt.Window.dispatchEventImpl(Window.java:2671)
	at java.desktop/java.awt.Component.dispatchEvent(Component.java:4790)
	at java.desktop/java.awt.EventQueue.dispatchEventImpl(EventQueue.java:725)
	at java.desktop/java.awt.EventQueue.dispatchEvent(EventQueue.java:702)
	at java.desktop/java.awt.EventDispatchThread.pumpOneEventForFilters(EventDispatchThread.java:203)
	at java.desktop/java.awt.EventDispatchThread.pumpEventsForFilter(EventDispatchThread.java:124)
	at java.desktop/java.awt.EventDispatchThread.pumpEventsForHierarchy(EventDispatchThread.java:113)
	at java.desktop/java.awt.EventDispatchThread.pumpEvents(EventDispatchThread.java:109)
	at java.desktop/java.awt.EventDispatchThread.pumpEvents(EventDispatchThread.java:101)
	at java.desktop/java.awt.EventDispatchThread.run(EventDispatchThread.java:90)
Caused by: java.sql.SQLSyntaxErrorException: Unknown column 'num_paginas' in 'field list'
	at com.mysql.cj.jdbc.exceptions.SQLError.createSQLException(SQLError.java:121)
	at com.mysql.cj.jdbc.exceptions.SQLExceptionsMapping.translateException(SQLExceptionsMapping.java:122)
	at com.mysql.cj.jdbc.ClientPreparedStatement.executeInternal(ClientPreparedStatement.java:916)
	at com.mysql.cj.jdbc.ClientPreparedStatement.executeUpdateInternal(ClientPreparedStatement.java:1061)
	at com.mysql.cj.jdbc.ClientPreparedStatement.executeUpdateInternal(ClientPreparedStatement.java:1009)
	at com.mysql.cj.jdbc.ClientPreparedStatement.executeLargeUpdate(ClientPreparedStatement.java:1320)
	at com.mysql.cj.jdbc.ClientPreparedStatement.executeUpdate(ClientPreparedStatement.java:994)
	at poo.desafio2.dao.LibroDAO.insertarEspecifico(LibroDAO.java:24)
	at poo.desafio2.dao.LibroDAO.insertarEspecifico(LibroDAO.java:8)
	at poo.desafio2.dao.MaterialDAOImpl.insertar(MaterialDAOImpl.java:31)
	... 29 more
2025-11-01 14:00:47 [main] INFO  Main:19 - ✅ Sistema de Mediateca iniciado
2025-11-01 14:00:48 [AWT-EventQueue-0] INFO  Main:84 - Interfaz principal mostrada - Sistema listo
2025-11-01 14:00:49 [AWT-EventQueue-0] INFO  Main:64 - Abriendo VentanaListarMateriales
2025-11-01 14:00:50 [AWT-EventQueue-0] INFO  VentanaListarMateriales:163 - Lista de materiales cargada - Filtro: Todos - Total: 0
2025-11-01 14:00:51 [AWT-EventQueue-0] INFO  Main:64 - Abriendo VentanaListarMateriales
2025-11-01 14:00:51 [AWT-EventQueue-0] INFO  VentanaListarMateriales:163 - Lista de materiales cargada - Filtro: Todos - Total: 0
2025-11-01 14:00:53 [AWT-EventQueue-0] INFO  Main:64 - Abriendo VentanaListarMateriales
2025-11-01 14:00:53 [AWT-EventQueue-0] INFO  VentanaListarMateriales:163 - Lista de materiales cargada - Filtro: Todos - Total: 0
2025-11-01 14:00:55 [AWT-EventQueue-0] INFO  VentanaListarMateriales:163 - Lista de materiales cargada - Filtro: Todos - Total: 0
2025-11-01 14:03:51 [main] INFO  Main:19 - ✅ Sistema de Mediateca iniciado
2025-11-01 14:03:52 [AWT-EventQueue-0] INFO  Main:84 - Interfaz principal mostrada - Sistema listo
2025-11-01 14:03:56 [AWT-EventQueue-0] INFO  Main:64 - Abriendo VentanaListarMateriales
2025-11-01 14:03:56 [AWT-EventQueue-0] INFO  VentanaListarMateriales:163 - Lista de materiales cargada - Filtro: Todos - Total: 4
2025-11-01 14:04:01 [AWT-EventQueue-0] INFO  Main:69 - Abriendo VentanaBuscarMaterial
2025-11-01 14:04:13 [AWT-EventQueue-0] INFO  VentanaBuscarMaterial:191 - Búsqueda completada - Término: 'Cien' - Resultados: 1
2025-11-01 14:04:18 [AWT-EventQueue-0] INFO  Main:54 - Abriendo VentanaAgregarMaterial
2025-11-01 14:08:07 [AWT-EventQueue-0] ERROR VentanaAgregarMaterial:201 - Error inesperado: Error al insertar el material
java.lang.Exception: Error al insertar el material
	at poo.desafio2.dao.MaterialDAOImpl.insertar(MaterialDAOImpl.java:42)
	at poo.desafio2.gui.VentanaAgregarMaterial.guardarMaterialEnBD(VentanaAgregarMaterial.java:363)
	at poo.desafio2.gui.VentanaAgregarMaterial.manejarAccionGuardar(VentanaAgregarMaterial.java:180)
	at poo.desafio2.gui.VentanaAgregarMaterial.lambda$configurarListeners$0(VentanaAgregarMaterial.java:156)
	at java.desktop/javax.swing.AbstractButton.fireActionPerformed(AbstractButton.java:1972)
	at java.desktop/javax.swing.AbstractButton$Handler.actionPerformed(AbstractButton.java:2314)
	at java.desktop/javax.swing.DefaultButtonModel.fireActionPerformed(DefaultButtonModel.java:407)
	at java.desktop/javax.swing.DefaultButtonModel.setPressed(DefaultButtonModel.java:262)
	at java.desktop/javax.swing.plaf.basic.BasicButtonListener.mouseReleased(BasicButtonListener.java:279)
	at java.desktop/java.awt.Component.processMouseEvent(Component.java:6576)
	at java.desktop/javax.swing.JComponent.processMouseEvent(JComponent.java:3404)
	at java.desktop/java.awt.Component.processEvent(Component.java:6341)
	at java.desktop/java.awt.Container.processEvent(Container.java:2260)
	at java.desktop/java.awt.Component.dispatchEventImpl(Component.java:4958)
	at java.desktop/java.awt.Container.dispatchEventImpl(Container.java:2318)
	at java.desktop/java.awt.Component.dispatchEvent(Component.java:4790)
	at java.desktop/java.awt.LightweightDispatcher.retargetMouseEvent(Container.java:4917)
	at java.desktop/java.awt.LightweightDispatcher.processMouseEvent(Container.java:4560)
	at java.desktop/java.awt.LightweightDispatcher.dispatchEvent(Container.java:4501)
	at java.desktop/java.awt.Container.dispatchEventImpl(Container.java:2304)
	at java.desktop/java.awt.Window.dispatchEventImpl(Window.java:2671)
	at java.desktop/java.awt.Component.dispatchEvent(Component.java:4790)
	at java.desktop/java.awt.EventQueue.dispatchEventImpl(EventQueue.java:725)
	at java.desktop/java.awt.EventQueue.dispatchEvent(EventQueue.java:702)
	at java.desktop/java.awt.EventDispatchThread.pumpOneEventForFilters(EventDispatchThread.java:203)
	at java.desktop/java.awt.EventDispatchThread.pumpEventsForFilter(EventDispatchThread.java:124)
	at java.desktop/java.awt.EventDispatchThread.pumpEventsForHierarchy(EventDispatchThread.java:113)
	at java.desktop/java.awt.EventDispatchThread.pumpEvents(EventDispatchThread.java:109)
	at java.desktop/java.awt.EventDispatchThread.pumpEvents(EventDispatchThread.java:101)
	at java.desktop/java.awt.EventDispatchThread.run(EventDispatchThread.java:90)
Caused by: com.mysql.cj.jdbc.exceptions.MysqlDataTruncation: Data truncation: Out of range value for column 'anio_publicacion' at row 1
	at com.mysql.cj.jdbc.exceptions.SQLExceptionsMapping.translateException(SQLExceptionsMapping.java:104)
	at com.mysql.cj.jdbc.ClientPreparedStatement.executeInternal(ClientPreparedStatement.java:916)
	at com.mysql.cj.jdbc.ClientPreparedStatement.executeUpdateInternal(ClientPreparedStatement.java:1061)
	at com.mysql.cj.jdbc.ClientPreparedStatement.executeUpdateInternal(ClientPreparedStatement.java:1009)
	at com.mysql.cj.jdbc.ClientPreparedStatement.executeLargeUpdate(ClientPreparedStatement.java:1320)
	at com.mysql.cj.jdbc.ClientPreparedStatement.executeUpdate(ClientPreparedStatement.java:994)
	at poo.desafio2.dao.LibroDAO.insertarEspecifico(LibroDAO.java:37)
	at poo.desafio2.dao.LibroDAO.insertarEspecifico(LibroDAO.java:8)
	at poo.desafio2.dao.MaterialDAOImpl.insertar(MaterialDAOImpl.java:31)
	... 29 more
2025-11-01 14:08:12 [AWT-EventQueue-0] ERROR VentanaAgregarMaterial:201 - Error inesperado: Error al insertar el material
java.lang.Exception: Error al insertar el material
	at poo.desafio2.dao.MaterialDAOImpl.insertar(MaterialDAOImpl.java:42)
	at poo.desafio2.gui.VentanaAgregarMaterial.guardarMaterialEnBD(VentanaAgregarMaterial.java:363)
	at poo.desafio2.gui.VentanaAgregarMaterial.manejarAccionGuardar(VentanaAgregarMaterial.java:180)
	at poo.desafio2.gui.VentanaAgregarMaterial.lambda$configurarListeners$0(VentanaAgregarMaterial.java:156)
	at java.desktop/javax.swing.AbstractButton.fireActionPerformed(AbstractButton.java:1972)
	at java.desktop/javax.swing.AbstractButton$Handler.actionPerformed(AbstractButton.java:2314)
	at java.desktop/javax.swing.DefaultButtonModel.fireActionPerformed(DefaultButtonModel.java:407)
	at java.desktop/javax.swing.DefaultButtonModel.setPressed(DefaultButtonModel.java:262)
	at java.desktop/javax.swing.plaf.basic.BasicButtonListener.mouseReleased(BasicButtonListener.java:279)
	at java.desktop/java.awt.Component.processMouseEvent(Component.java:6576)
	at java.desktop/javax.swing.JComponent.processMouseEvent(JComponent.java:3404)
	at java.desktop/java.awt.Component.processEvent(Component.java:6341)
	at java.desktop/java.awt.Container.processEvent(Container.java:2260)
	at java.desktop/java.awt.Component.dispatchEventImpl(Component.java:4958)
	at java.desktop/java.awt.Container.dispatchEventImpl(Container.java:2318)
	at java.desktop/java.awt.Component.dispatchEvent(Component.java:4790)
	at java.desktop/java.awt.LightweightDispatcher.retargetMouseEvent(Container.java:4917)
	at java.desktop/java.awt.LightweightDispatcher.processMouseEvent(Container.java:4560)
	at java.desktop/java.awt.LightweightDispatcher.dispatchEvent(Container.java:4501)
	at java.desktop/java.awt.Container.dispatchEventImpl(Container.java:2304)
	at java.desktop/java.awt.Window.dispatchEventImpl(Window.java:2671)
	at java.desktop/java.awt.Component.dispatchEvent(Component.java:4790)
	at java.desktop/java.awt.EventQueue.dispatchEventImpl(EventQueue.java:725)
	at java.desktop/java.awt.EventQueue.dispatchEvent(EventQueue.java:702)
	at java.desktop/java.awt.EventDispatchThread.pumpOneEventForFilters(EventDispatchThread.java:203)
	at java.desktop/java.awt.EventDispatchThread.pumpEventsForFilter(EventDispatchThread.java:124)
	at java.desktop/java.awt.EventDispatchThread.pumpEventsForHierarchy(EventDispatchThread.java:113)
	at java.desktop/java.awt.EventDispatchThread.pumpEvents(EventDispatchThread.java:109)
	at java.desktop/java.awt.EventDispatchThread.pumpEvents(EventDispatchThread.java:101)
	at java.desktop/java.awt.EventDispatchThread.run(EventDispatchThread.java:90)
Caused by: com.mysql.cj.jdbc.exceptions.MysqlDataTruncation: Data truncation: Out of range value for column 'anio_publicacion' at row 1
	at com.mysql.cj.jdbc.exceptions.SQLExceptionsMapping.translateException(SQLExceptionsMapping.java:104)
	at com.mysql.cj.jdbc.ClientPreparedStatement.executeInternal(ClientPreparedStatement.java:916)
	at com.mysql.cj.jdbc.ClientPreparedStatement.executeUpdateInternal(ClientPreparedStatement.java:1061)
	at com.mysql.cj.jdbc.ClientPreparedStatement.executeUpdateInternal(ClientPreparedStatement.java:1009)
	at com.mysql.cj.jdbc.ClientPreparedStatement.executeLargeUpdate(ClientPreparedStatement.java:1320)
	at com.mysql.cj.jdbc.ClientPreparedStatement.executeUpdate(ClientPreparedStatement.java:994)
	at poo.desafio2.dao.LibroDAO.insertarEspecifico(LibroDAO.java:37)
	at poo.desafio2.dao.LibroDAO.insertarEspecifico(LibroDAO.java:8)
	at poo.desafio2.dao.MaterialDAOImpl.insertar(MaterialDAOImpl.java:31)
	... 29 more
2025-11-01 14:08:22 [AWT-EventQueue-0] INFO  Main:59 - Abriendo VentanaModificarMaterial
2025-11-01 14:51:45 [main] INFO  Main:19 - ✅ Sistema de Mediateca iniciado
2025-11-01 14:51:46 [AWT-EventQueue-0] INFO  Main:84 - Interfaz principal mostrada - Sistema listo
2025-11-01 14:51:49 [AWT-EventQueue-0] INFO  Main:64 - Abriendo VentanaListarMateriales
2025-11-01 14:51:49 [AWT-EventQueue-0] INFO  VentanaListarMateriales:163 - Lista de materiales cargada - Filtro: Todos - Total: 4
2025-11-01 16:59:21 [main] INFO  Main:19 - ✅ Sistema de Mediateca iniciado
2025-11-01 16:59:22 [AWT-EventQueue-0] INFO  Main:84 - Interfaz principal mostrada - Sistema listo
2025-11-01 16:59:24 [AWT-EventQueue-0] INFO  Main:54 - Abriendo VentanaAgregarMaterial
2025-11-01 16:59:28 [AWT-EventQueue-0] INFO  Main:59 - Abriendo VentanaModificarMaterial
2025-11-01 16:59:36 [AWT-EventQueue-0] INFO  Main:64 - Abriendo VentanaListarMateriales
2025-11-01 16:59:36 [AWT-EventQueue-0] INFO  VentanaListarMateriales:163 - Lista de materiales cargada - Filtro: Todos - Total: 0
2025-11-01 16:59:38 [AWT-EventQueue-0] INFO  VentanaListarMateriales:163 - Lista de materiales cargada - Filtro: Libros - Total: 0
2025-11-01 16:59:39 [AWT-EventQueue-0] INFO  VentanaListarMateriales:163 - Lista de materiales cargada - Filtro: Libros - Total: 0
2025-11-01 16:59:39 [AWT-EventQueue-0] INFO  VentanaListarMateriales:163 - Lista de materiales cargada - Filtro: Libros - Total: 0
2025-11-01 16:59:41 [AWT-EventQueue-0] INFO  Main:69 - Abriendo VentanaBuscarMaterial
2025-11-01 17:11:44 [main] INFO  Main:19 - ✅ Sistema de Mediateca iniciado
2025-11-01 17:11:45 [main] INFO  Main:19 - ✅ Sistema de Mediateca iniciado
2025-11-01 17:11:45 [AWT-EventQueue-0] INFO  Main:84 - Interfaz principal mostrada - Sistema listo
2025-11-01 17:11:46 [AWT-EventQueue-0] INFO  Main:84 - Interfaz principal mostrada - Sistema listo
2025-11-01 17:11:48 [AWT-EventQueue-0] INFO  Main:64 - Abriendo VentanaListarMateriales
2025-11-01 17:11:48 [AWT-EventQueue-0] INFO  VentanaListarMateriales:163 - Lista de materiales cargada - Filtro: Todos - Total: 0
2025-11-01 17:11:50 [AWT-EventQueue-0] INFO  VentanaListarMateriales:163 - Lista de materiales cargada - Filtro: Todos - Total: 0
2025-11-01 17:12:52 [main] INFO  Main:19 - ✅ Sistema de Mediateca iniciado
2025-11-01 17:12:53 [AWT-EventQueue-0] INFO  Main:84 - Interfaz principal mostrada - Sistema listo
2025-11-01 17:12:55 [AWT-EventQueue-0] INFO  Main:64 - Abriendo VentanaListarMateriales
2025-11-01 17:12:55 [AWT-EventQueue-0] INFO  VentanaListarMateriales:163 - Lista de materiales cargada - Filtro: Todos - Total: 0
2025-11-01 17:14:05 [main] INFO  Main:39 - ✅ Sistema de Mediateca iniciado
2025-11-01 17:14:06 [AWT-EventQueue-0] INFO  Main:104 - Interfaz principal mostrada - Sistema listo
2025-11-01 17:14:19 [AWT-EventQueue-0] INFO  Main:84 - Abriendo VentanaListarMateriales
2025-11-01 17:14:19 [AWT-EventQueue-0] INFO  VentanaListarMateriales:163 - Lista de materiales cargada - Filtro: Todos - Total: 0
2025-11-01 17:15:35 [main] INFO  Main:39 - ✅ Sistema de Mediateca iniciado
2025-11-01 17:15:35 [AWT-EventQueue-0] INFO  Main:104 - Interfaz principal mostrada - Sistema listo
2025-11-01 17:15:37 [AWT-EventQueue-0] INFO  Main:84 - Abriendo VentanaListarMateriales
2025-11-01 17:15:37 [AWT-EventQueue-0] WARN  VentanaListarMateriales:236 - Error al cargar CDs: Formato de ID inválido. Ej: LIB00001, REV00001
2025-11-01 17:15:37 [AWT-EventQueue-0] INFO  VentanaListarMateriales:163 - Lista de materiales cargada - Filtro: Todos - Total: 4
2025-11-01 17:15:51 [main] INFO  Main:25 - ✅ Sistema de Mediateca iniciado
2025-11-01 17:15:52 [AWT-EventQueue-0] INFO  Main:90 - Interfaz principal mostrada - Sistema listo
2025-11-01 17:15:55 [AWT-EventQueue-0] INFO  Main:70 - Abriendo VentanaListarMateriales
2025-11-01 17:15:56 [AWT-EventQueue-0] WARN  VentanaListarMateriales:236 - Error al cargar CDs: Formato de ID inválido. Ej: LIB00001, REV00001
2025-11-01 17:15:56 [AWT-EventQueue-0] INFO  VentanaListarMateriales:163 - Lista de materiales cargada - Filtro: Todos - Total: 4
2025-11-01 17:15:58 [AWT-EventQueue-0] INFO  VentanaListarMateriales:105 - Editando material - ID: LIB00001
2025-11-01 17:16:05 [AWT-EventQueue-0] INFO  VentanaListarMateriales:105 - Editando material - ID: LIB00002
2025-11-01 17:16:10 [AWT-EventQueue-0] INFO  Main:70 - Abriendo VentanaListarMateriales
2025-11-01 17:16:10 [AWT-EventQueue-0] WARN  VentanaListarMateriales:236 - Error al cargar CDs: Formato de ID inválido. Ej: LIB00001, REV00001
2025-11-01 17:16:10 [AWT-EventQueue-0] INFO  VentanaListarMateriales:163 - Lista de materiales cargada - Filtro: Todos - Total: 4
